<?xml version="1.0" encoding="UTF-8"?>
<!-- Generated by org.testng.reporters.JUnitXMLReporter -->
<testsuite ignored="0" hostname="LAPTOP-2KR4188N" failures="1" tests="6" name="Regression testing" time="75.467" errors="0" timestamp="04 May 2020 09:07:10 GMT">
  <testcase classname="com.framework.testcases.AccountsPageTest" name="VerifyNoMode" time="0.171">
    <skipped/>
  </testcase> <!-- VerifyNoMode -->
  <testcase classname="com.framework.testcases.AccountsPageTest" name="VerifyTestFailure" time="0.086">
    <skipped/>
  </testcase> <!-- VerifyTestFailure -->
  <testcase classname="com.framework.testcases.AccountsPageTest" name="VerifyTestFailure" time="0.067">
    <skipped/>
  </testcase> <!-- VerifyTestFailure -->
  <testcase classname="com.framework.testcases.AccountsPageTest" name="VerifyTestFailure" time="0.059">
    <failure type="java.lang.AssertionError" message="null">
      <![CDATA[java.lang.AssertionError: null
	at com.framework.testcases.AccountsPageTest.VerifyTestFailure(AccountsPageTest.java:23)
... Removed 27 stack frames]]>
    </failure>
  </testcase> <!-- VerifyTestFailure -->
  <testcase classname="com.framework.testcases.AccountsPageTest" name="VerifyValidation" time="0.069"/>
  <testcase classname="com.framework.testcases.LoginPageTest" name="verifyLogin" time="0.05"/>
</testsuite> <!-- Regression testing -->
